[35m[Appium][39m Welcome to Appium v1.22.3
[35m[Appium][39m Non-default server args:
[35m[Appium][39m   port: 59043
[35m[Appium][39m   loglevel: info
[35m[Appium][39m   tmpDir: C:\Users\THALLU~1\AppData\Local\Temp\\Katalon\Appium\Temp1692174892770
[35m[Appium][39m   chromedriverPort: 59047
[35m[Appium][39m Deprecated server args:
[35m[Appium][39m   [31m--chromedriver-port[39m => --default-capabilities
[35m[Appium][39m Default capabilities, which will be added to each request unless overridden by desired capabilities:
[35m[Appium][39m   chromedriverPort: 59047
[35m[Appium][39m Appium REST http interface listener started on 0.0.0.0:59043
[35m[HTTP][39m [37m-->[39m [37mGET[39m [37m/wd/hub/status[39m
[35m[HTTP][39m [90m{}[39m
[35m[HTTP][39m [37m<-- GET /wd/hub/status [39m[32m200[39m [90m5 ms - 68[39m
[35m[HTTP][39m [90m[39m
[35m[HTTP][39m [37m-->[39m [37mGET[39m [37m/wd/hub/status[39m
[35m[HTTP][39m [90m{}[39m
[35m[HTTP][39m [37m<-- GET /wd/hub/status [39m[32m200[39m [90m1 ms - 68[39m
[35m[HTTP][39m [90m[39m
[35m[HTTP][39m [37m-->[39m [37mPOST[39m [37m/wd/hub/session[39m
[35m[HTTP][39m [90m{"desiredCapabilities":{"appPackage":"com.android.settings","appWaitActivity":"*","deviceId":"","deviceName":"samsung SM-M315F (Android 12)","platform":"ANDROID","appActivity":".Settings","newCommandTimeout":1800,"platformVersion":"12","automationName":"uiautomator2","autoGrantPermissions":true,"platformName":"Android","udid":"RZ8N21ZHQRA","systemPort":8205},"capabilities":{"firstMatch":[{"appium:appActivity":".Settings","appium:appPackage":"com.android.settings","appium:appWaitActivity":"*","appium:autoGrantPermissions":true,"appium:automationName":"uiautomator2","deviceId":"","appium:deviceName":"samsung SM-M315F (Android 12)","appium:newCommandTimeout":1800,"platform":"ANDROID","platformName":"android","appium:platformVersion":"12","appium:systemPort":8205,"appium:udid":"RZ8N21ZHQRA"}]}}[39m
[35m[BaseDriver][39m The following capabilities are not standard capabilities and should have an extension prefix:
[35m[BaseDriver][39m   deviceId
[35m[BaseDriver][39m   platform
[35m[BaseDriver][39m   chromedriverPort
[35m[Appium][39m Appium v1.22.3 creating new AndroidUiautomator2Driver (v1.70.1) session
[35m[BaseDriver][39m The following capabilities were provided, but are not recognized by Appium:
[35m[BaseDriver][39m   deviceId
[35m[BaseDriver][39m   platform
[35m[BaseDriver][39m Session created with session id: 43778f58-fe6b-4043-b5ba-b994f5cae8c9
[35m[UiAutomator2][39m Starting 'com.android.settings' directly on the device
[35m[ADB][39m Found 1 'build-tools' folders under 'C:\Users\ThalluruSaiteja\.katalon\tools\android_sdk' (newest first):
[35m[ADB][39m     C:/Users/ThalluruSaiteja/.katalon/tools/android_sdk/build-tools/29.0.3
[35m[ADB][39m Using 'adb.exe' from 'C:\Users\ThalluruSaiteja\.katalon\tools\android_sdk\platform-tools\adb.exe'
[35m[AndroidDriver][39m Retrieving device list
[35m[AndroidDriver][39m Using device: RZ8N21ZHQRA
[35m[ADB][39m Using 'adb.exe' from 'C:\Users\ThalluruSaiteja\.katalon\tools\android_sdk\platform-tools\adb.exe'
[35m[ADB][39m Getting device platform version
[35m[UiAutomator2][39m Relaxing hidden api policy
[35m[AndroidDriver][39m No app sent in, not parsing package/activity
[35m[ADB][39m Using 'apksigner.jar' from 'C:\Users\ThalluruSaiteja\.katalon\tools\android_sdk\build-tools\29.0.3\lib\apksigner.jar'
[35m[ADB][39m 'C:\Users\ThalluruSaiteja\AppData\Roaming\npm\node_modules\appium\node_modules\appium-uiautomator2-server\apks\appium-uiautomator2-server-v4.27.0.apk' is signed with the default certificate
[35m[ADB][39m 'C:\Users\ThalluruSaiteja\AppData\Roaming\npm\node_modules\appium\node_modules\appium-uiautomator2-server\apks\appium-uiautomator2-server-debug-androidTest.apk' is signed with the default certificate
[35m[UiAutomator2][39m Server packages are not going to be (re)installed
[35m[ADB][39m Adding packages ["io.appium.settings","io.appium.uiautomator2.server","io.appium.uiautomator2.server.test"] to Doze whitelist
[35m[UiAutomator2][39m Starting UIAutomator2 server 4.27.0
[35m[UiAutomator2][39m Using UIAutomator2 server from 'C:\Users\ThalluruSaiteja\AppData\Roaming\npm\node_modules\appium\node_modules\appium-uiautomator2-server\apks\appium-uiautomator2-server-v4.27.0.apk' and test from 'C:\Users\ThalluruSaiteja\AppData\Roaming\npm\node_modules\appium\node_modules\appium-uiautomator2-server\apks\appium-uiautomator2-server-debug-androidTest.apk'
[35m[UiAutomator2][39m Waiting up to 30000ms for UiAutomator2 to be online...
[35m[WD Proxy][39m socket hang up
[35m[WD Proxy][39m socket hang up
[35m[WD Proxy][39m socket hang up
[35m[WD Proxy][39m Determined the downstream protocol as 'W3C'
[35m[AndroidDriver][39m Screen already unlocked, doing nothing
[35m[UiAutomator2][39m Starting 'com.android.settings/.Settings and waiting for 'com.android.settings/*'
[35m[Appium][39m New AndroidUiautomator2Driver session created successfully, session 43778f58-fe6b-4043-b5ba-b994f5cae8c9 added to master session list
[35m[HTTP][39m [37m<-- POST /wd/hub/session [39m[32m200[39m [90m10755 ms - 1230[39m
[35m[HTTP][39m [90m[39m
[35m[HTTP][39m [37m-->[39m [37mGET[39m [37m/wd/hub/session/43778f58-fe6b-4043-b5ba-b994f5cae8c9[39m
[35m[HTTP][39m [90m{}[39m
[35m[HTTP][39m [37m<-- GET /wd/hub/session/43778f58-fe6b-4043-b5ba-b994f5cae8c9 [39m[32m200[39m [90m8 ms - 1184[39m
[35m[HTTP][39m [90m[39m
[35m[HTTP][39m [37m-->[39m [37mGET[39m [37m/wd/hub/session/43778f58-fe6b-4043-b5ba-b994f5cae8c9[39m
[35m[HTTP][39m [90m{}[39m
[35m[HTTP][39m [37m<-- GET /wd/hub/session/43778f58-fe6b-4043-b5ba-b994f5cae8c9 [39m[32m200[39m [90m8 ms - 1184[39m
[35m[HTTP][39m [90m[39m
[35m[HTTP][39m [37m-->[39m [37mGET[39m [37m/wd/hub/status[39m
[35m[HTTP][39m [90m{}[39m
[35m[HTTP][39m [37m<-- GET /wd/hub/status [39m[32m200[39m [90m1 ms - 68[39m
[35m[HTTP][39m [90m[39m
[35m[HTTP][39m [37m-->[39m [37mPOST[39m [37m/wd/hub/session/43778f58-fe6b-4043-b5ba-b994f5cae8c9/timeouts[39m
[35m[HTTP][39m [90m{"implicit":60000}[39m
[35m[HTTP][39m [37m<-- POST /wd/hub/session/43778f58-fe6b-4043-b5ba-b994f5cae8c9/timeouts [39m[32m200[39m [90m2 ms - 14[39m
[35m[HTTP][39m [90m[39m
[35m[HTTP][39m [37m-->[39m [37mGET[39m [37m/wd/hub/session/43778f58-fe6b-4043-b5ba-b994f5cae8c9/screenshot[39m
[35m[HTTP][39m [90m{}[39m
[35m[HTTP][39m [37m<-- GET /wd/hub/session/43778f58-fe6b-4043-b5ba-b994f5cae8c9/screenshot [39m[32m200[39m [90m591 ms - 209858[39m
[35m[HTTP][39m [90m[39m
[35m[HTTP][39m [37m-->[39m [37mGET[39m [37m/wd/hub/session/43778f58-fe6b-4043-b5ba-b994f5cae8c9/window/rect[39m
[35m[HTTP][39m [90m{}[39m
[35m[HTTP][39m [37m<-- GET /wd/hub/session/43778f58-fe6b-4043-b5ba-b994f5cae8c9/window/rect [39m[32m200[39m [90m19 ms - 50[39m
[35m[HTTP][39m [90m[39m
[35m[HTTP][39m [37m-->[39m [37mGET[39m [37m/wd/hub/session/43778f58-fe6b-4043-b5ba-b994f5cae8c9/appium/device/system_bars[39m
[35m[HTTP][39m [90m{}[39m
[35m[HTTP][39m [37m<-- GET /wd/hub/session/43778f58-fe6b-4043-b5ba-b994f5cae8c9/appium/device/system_bars [39m[32m200[39m [90m156 ms - 145[39m
[35m[HTTP][39m [90m[39m
[35m[HTTP][39m [37m-->[39m [37mPOST[39m [37m/wd/hub/session/43778f58-fe6b-4043-b5ba-b994f5cae8c9/appium/device/activate_app[39m
[35m[HTTP][39m [90m{"bundleId":"com.religare.healthinsurance"}[39m
[35m[HTTP][39m [37m<-- POST /wd/hub/session/43778f58-fe6b-4043-b5ba-b994f5cae8c9/appium/device/activate_app [39m[32m200[39m [90m652 ms - 14[39m
[35m[HTTP][39m [90m[39m
[35m[HTTP][39m [37m-->[39m [37mGET[39m [37m/wd/hub/session/43778f58-fe6b-4043-b5ba-b994f5cae8c9/source[39m
[35m[HTTP][39m [90m{}[39m
[35m[W3C (43778f58)][39m Driver proxy active, passing request on via HTTP proxy
[35m[WD Proxy][39m Replacing sessionId 68462d68-cee4-4b67-ba1f-16f6556b924f with 43778f58-fe6b-4043-b5ba-b994f5cae8c9
[35m[HTTP][39m [37m<-- GET /wd/hub/session/43778f58-fe6b-4043-b5ba-b994f5cae8c9/source [39m[32m200[39m [90m631 ms - 25925[39m
[35m[HTTP][39m [90m[39m
[35m[HTTP][39m [37m-->[39m [37mGET[39m [37m/wd/hub/session/43778f58-fe6b-4043-b5ba-b994f5cae8c9/screenshot[39m
[35m[HTTP][39m [90m{}[39m
[35m[HTTP][39m [37m<-- GET /wd/hub/session/43778f58-fe6b-4043-b5ba-b994f5cae8c9/screenshot [39m[32m200[39m [90m830 ms - 415486[39m
[35m[HTTP][39m [90m[39m
[35m[HTTP][39m [37m-->[39m [37mGET[39m [37m/wd/hub/session/43778f58-fe6b-4043-b5ba-b994f5cae8c9/source[39m
[35m[HTTP][39m [90m{}[39m
[35m[W3C (43778f58)][39m Driver proxy active, passing request on via HTTP proxy
[35m[WD Proxy][39m Replacing sessionId 68462d68-cee4-4b67-ba1f-16f6556b924f with 43778f58-fe6b-4043-b5ba-b994f5cae8c9
[35m[HTTP][39m [37m<-- GET /wd/hub/session/43778f58-fe6b-4043-b5ba-b994f5cae8c9/source [39m[32m200[39m [90m327 ms - 25925[39m
[35m[HTTP][39m [90m[39m
[35m[HTTP][39m [37m-->[39m [37mGET[39m [37m/wd/hub/session/43778f58-fe6b-4043-b5ba-b994f5cae8c9/screenshot[39m
[35m[HTTP][39m [90m{}[39m
[35m[HTTP][39m [37m<-- GET /wd/hub/session/43778f58-fe6b-4043-b5ba-b994f5cae8c9/screenshot [39m[32m200[39m [90m1026 ms - 697120[39m
[35m[HTTP][39m [90m[39m
[35m[HTTP][39m [37m-->[39m [37mPOST[39m [37m/wd/hub/session/43778f58-fe6b-4043-b5ba-b994f5cae8c9/elements[39m
[35m[HTTP][39m [90m{"using":"xpath","value":"//*[@class = 'android.widget.RelativeLayout' and @resource-id = 'com.religare.healthinsurance:id/parent_id' and (@text = '' or . = '')]"}[39m
[35m[HTTP][39m [37m<-- POST /wd/hub/session/43778f58-fe6b-4043-b5ba-b994f5cae8c9/elements [39m[32m200[39m [90m595 ms - 395[39m
[35m[HTTP][39m [90m[39m
[35m[HTTP][39m [37m-->[39m [37mPOST[39m [37m/wd/hub/session/43778f58-fe6b-4043-b5ba-b994f5cae8c9/elements[39m
[35m[HTTP][39m [90m{"using":"id","value":"com.religare.healthinsurance:id/parent_id"}[39m
[35m[HTTP][39m [37m<-- POST /wd/hub/session/43778f58-fe6b-4043-b5ba-b994f5cae8c9/elements [39m[32m200[39m [90m156 ms - 395[39m
[35m[HTTP][39m [90m[39m
[35m[HTTP][39m [37m-->[39m [37mPOST[39m [37m/wd/hub/session/43778f58-fe6b-4043-b5ba-b994f5cae8c9/elements[39m
[35m[HTTP][39m [90m{"using":"-android uiautomator","value":"new UiSelector().className(\"android.widget.RelativeLayout\").resourceId(\"com.religare.healthinsurance:id/parent_id\")"}[39m
[35m[HTTP][39m [37m<-- POST /wd/hub/session/43778f58-fe6b-4043-b5ba-b994f5cae8c9/elements [39m[32m200[39m [90m255 ms - 395[39m
[35m[HTTP][39m [90m[39m
[35m[HTTP][39m [37m-->[39m [37mGET[39m [37m/wd/hub/session/43778f58-fe6b-4043-b5ba-b994f5cae8c9/window/rect[39m
[35m[HTTP][39m [90m{}[39m
[35m[HTTP][39m [37m<-- GET /wd/hub/session/43778f58-fe6b-4043-b5ba-b994f5cae8c9/window/rect [39m[32m200[39m [90m26 ms - 50[39m
[35m[HTTP][39m [90m[39m
[35m[HTTP][39m [37m-->[39m [37mPOST[39m [37m/wd/hub/session/43778f58-fe6b-4043-b5ba-b994f5cae8c9/elements[39m
[35m[HTTP][39m [90m{"using":"xpath","value":"//hierarchy/android.widget.FrameLayout[1]/android.widget.LinearLayout[1]/android.widget.FrameLayout[1]/android.widget.LinearLayout[1]/android.widget.FrameLayout[1]/android.widget.RelativeLayout[1]/android.widget.FrameLayout[1]/android.widget.RelativeLayout[1]/android.widget.ScrollView[1]/android.view.ViewGroup[1]/android.widget.GridView[1]/android.widget.RelativeLayout[1]/android.view.ViewGroup[1]/android.widget.RelativeLayout[1]/android.widget.RelativeLayout[1]"}[39m
[35m[HTTP][39m [37m<-- POST /wd/hub/session/43778f58-fe6b-4043-b5ba-b994f5cae8c9/elements [39m[32m200[39m [90m238 ms - 139[39m
[35m[HTTP][39m [90m[39m
[35m[HTTP][39m [37m-->[39m [37mGET[39m [37m/wd/hub/session/43778f58-fe6b-4043-b5ba-b994f5cae8c9/element/00000000-0000-0147-ffff-ffff0000005a/location[39m
[35m[HTTP][39m [90m{}[39m
[35m[W3C (43778f58)][39m Driver proxy active, passing request on via HTTP proxy
[35m[WD Proxy][39m Replacing sessionId 68462d68-cee4-4b67-ba1f-16f6556b924f with 43778f58-fe6b-4043-b5ba-b994f5cae8c9
[35m[HTTP][39m [37m<-- GET /wd/hub/session/43778f58-fe6b-4043-b5ba-b994f5cae8c9/element/00000000-0000-0147-ffff-ffff0000005a/location [39m[32m200[39m [90m19 ms - 77[39m
[35m[HTTP][39m [90m[39m
[35m[HTTP][39m [37m-->[39m [37mPOST[39m [37m/wd/hub/session/43778f58-fe6b-4043-b5ba-b994f5cae8c9/element/00000000-0000-0147-ffff-ffff0000005a/click[39m
[35m[HTTP][39m [90m{"id":"00000000-0000-0147-ffff-ffff0000005a"}[39m
[35m[HTTP][39m [37m<-- POST /wd/hub/session/43778f58-fe6b-4043-b5ba-b994f5cae8c9/element/00000000-0000-0147-ffff-ffff0000005a/click [39m[32m200[39m [90m48 ms - 14[39m
[35m[HTTP][39m [90m[39m
[35m[HTTP][39m [37m-->[39m [37mGET[39m [37m/wd/hub/session/43778f58-fe6b-4043-b5ba-b994f5cae8c9/source[39m
[35m[HTTP][39m [90m{}[39m
[35m[W3C (43778f58)][39m Driver proxy active, passing request on via HTTP proxy
[35m[WD Proxy][39m Replacing sessionId 68462d68-cee4-4b67-ba1f-16f6556b924f with 43778f58-fe6b-4043-b5ba-b994f5cae8c9
[35m[HTTP][39m [37m<-- GET /wd/hub/session/43778f58-fe6b-4043-b5ba-b994f5cae8c9/source [39m[32m200[39m [90m500 ms - 32545[39m
[35m[HTTP][39m [90m[39m
[35m[HTTP][39m [37m-->[39m [37mGET[39m [37m/wd/hub/session/43778f58-fe6b-4043-b5ba-b994f5cae8c9/screenshot[39m
[35m[HTTP][39m [90m{}[39m
[35m[HTTP][39m [37m<-- GET /wd/hub/session/43778f58-fe6b-4043-b5ba-b994f5cae8c9/screenshot [39m[32m200[39m [90m725 ms - 134104[39m
[35m[HTTP][39m [90m[39m
[35m[HTTP][39m [37m-->[39m [37mPOST[39m [37m/wd/hub/session/43778f58-fe6b-4043-b5ba-b994f5cae8c9/elements[39m
[35m[HTTP][39m [90m{"using":"xpath","value":"//*[@class = 'android.widget.TextView' and (@text = 'Buy New Health \nInsurance Policy' or . = 'Buy New Health \nInsurance Policy') and @resource-id = 'com.religare.healthinsurance:id/tvTravel']"}[39m
[35m[HTTP][39m [37m<-- POST /wd/hub/session/43778f58-fe6b-4043-b5ba-b994f5cae8c9/elements [39m[32m200[39m [90m493 ms - 139[39m
[35m[HTTP][39m [90m[39m
[35m[HTTP][39m [37m-->[39m [37mGET[39m [37m/wd/hub/session/43778f58-fe6b-4043-b5ba-b994f5cae8c9/window/rect[39m
[35m[HTTP][39m [90m{}[39m
[35m[HTTP][39m [37m<-- GET /wd/hub/session/43778f58-fe6b-4043-b5ba-b994f5cae8c9/window/rect [39m[32m200[39m [90m14 ms - 50[39m
[35m[HTTP][39m [90m[39m
[35m[HTTP][39m [37m-->[39m [37mPOST[39m [37m/wd/hub/session/43778f58-fe6b-4043-b5ba-b994f5cae8c9/elements[39m
[35m[HTTP][39m [90m{"using":"xpath","value":"//*[@class = 'android.widget.TextView' and (@text = 'Buy New Health \nInsurance Policy' or . = 'Buy New Health \nInsurance Policy') and @resource-id = 'com.religare.healthinsurance:id/tvTravel']"}[39m
[35m[HTTP][39m [37m<-- POST /wd/hub/session/43778f58-fe6b-4043-b5ba-b994f5cae8c9/elements [39m[32m200[39m [90m873 ms - 139[39m
[35m[HTTP][39m [90m[39m
[35m[HTTP][39m [37m-->[39m [37mGET[39m [37m/wd/hub/session/43778f58-fe6b-4043-b5ba-b994f5cae8c9/element/00000000-0000-0147-ffff-ffff0000007e/location[39m
[35m[HTTP][39m [90m{}[39m
[35m[W3C (43778f58)][39m Driver proxy active, passing request on via HTTP proxy
[35m[WD Proxy][39m Replacing sessionId 68462d68-cee4-4b67-ba1f-16f6556b924f with 43778f58-fe6b-4043-b5ba-b994f5cae8c9
[35m[HTTP][39m [37m<-- GET /wd/hub/session/43778f58-fe6b-4043-b5ba-b994f5cae8c9/element/00000000-0000-0147-ffff-ffff0000007e/location [39m[32m200[39m [90m28 ms - 78[39m
[35m[HTTP][39m [90m[39m
[35m[HTTP][39m [37m-->[39m [37mPOST[39m [37m/wd/hub/session/43778f58-fe6b-4043-b5ba-b994f5cae8c9/element/00000000-0000-0147-ffff-ffff0000007e/click[39m
[35m[HTTP][39m [90m{"id":"00000000-0000-0147-ffff-ffff0000007e"}[39m
[35m[HTTP][39m [37m<-- POST /wd/hub/session/43778f58-fe6b-4043-b5ba-b994f5cae8c9/element/00000000-0000-0147-ffff-ffff0000007e/click [39m[32m200[39m [90m102 ms - 14[39m
[35m[HTTP][39m [90m[39m
[35m[HTTP][39m [37m-->[39m [37mGET[39m [37m/wd/hub/session/43778f58-fe6b-4043-b5ba-b994f5cae8c9/source[39m
[35m[HTTP][39m [90m{}[39m
[35m[W3C (43778f58)][39m Driver proxy active, passing request on via HTTP proxy
[35m[WD Proxy][39m Replacing sessionId 68462d68-cee4-4b67-ba1f-16f6556b924f with 43778f58-fe6b-4043-b5ba-b994f5cae8c9
[35m[HTTP][39m [37m<-- GET /wd/hub/session/43778f58-fe6b-4043-b5ba-b994f5cae8c9/source [39m[32m200[39m [90m95 ms - 3205[39m
[35m[HTTP][39m [90m[39m
[35m[HTTP][39m [37m-->[39m [37mGET[39m [37m/wd/hub/session/43778f58-fe6b-4043-b5ba-b994f5cae8c9/screenshot[39m
[35m[HTTP][39m [90m{}[39m
[35m[HTTP][39m [37m<-- GET /wd/hub/session/43778f58-fe6b-4043-b5ba-b994f5cae8c9/screenshot [39m[32m200[39m [90m730 ms - 131526[39m
[35m[HTTP][39m [90m[39m
[35m[HTTP][39m [37m-->[39m [37mGET[39m [37m/wd/hub/session/43778f58-fe6b-4043-b5ba-b994f5cae8c9/source[39m
[35m[HTTP][39m [90m{}[39m
[35m[W3C (43778f58)][39m Driver proxy active, passing request on via HTTP proxy
[35m[WD Proxy][39m Replacing sessionId 68462d68-cee4-4b67-ba1f-16f6556b924f with 43778f58-fe6b-4043-b5ba-b994f5cae8c9
[35m[HTTP][39m [37m<-- GET /wd/hub/session/43778f58-fe6b-4043-b5ba-b994f5cae8c9/source [39m[32m200[39m [90m567 ms - 52740[39m
[35m[HTTP][39m [90m[39m
[35m[HTTP][39m [37m-->[39m [37mGET[39m [37m/wd/hub/session/43778f58-fe6b-4043-b5ba-b994f5cae8c9/screenshot[39m
[35m[HTTP][39m [90m{}[39m
[35m[HTTP][39m [37m<-- GET /wd/hub/session/43778f58-fe6b-4043-b5ba-b994f5cae8c9/screenshot [39m[32m200[39m [90m843 ms - 286182[39m
[35m[HTTP][39m [90m[39m
[35m[HTTP][39m [37m-->[39m [37mPOST[39m [37m/wd/hub/session/43778f58-fe6b-4043-b5ba-b994f5cae8c9/elements[39m
[35m[HTTP][39m [90m{"using":"xpath","value":"//*[@class = 'android.widget.TextView' and (@text = 'Health Insurance' or . = 'Health Insurance') and @resource-id = 'com.religare.healthinsurance:id/tvHealth']"}[39m
[35m[HTTP][39m [37m<-- POST /wd/hub/session/43778f58-fe6b-4043-b5ba-b994f5cae8c9/elements [39m[32m200[39m [90m1280 ms - 139[39m
[35m[HTTP][39m [90m[39m
[35m[HTTP][39m [37m-->[39m [37mGET[39m [37m/wd/hub/session/43778f58-fe6b-4043-b5ba-b994f5cae8c9/window/rect[39m
[35m[HTTP][39m [90m{}[39m
[35m[HTTP][39m [37m<-- GET /wd/hub/session/43778f58-fe6b-4043-b5ba-b994f5cae8c9/window/rect [39m[32m200[39m [90m14 ms - 50[39m
[35m[HTTP][39m [90m[39m
[35m[HTTP][39m [37m-->[39m [37mPOST[39m [37m/wd/hub/session/43778f58-fe6b-4043-b5ba-b994f5cae8c9/elements[39m
[35m[HTTP][39m [90m{"using":"xpath","value":"//*[@class = 'android.widget.TextView' and (@text = 'Health Insurance' or . = 'Health Insurance') and @resource-id = 'com.religare.healthinsurance:id/tvHealth']"}[39m
[35m[HTTP][39m [37m<-- POST /wd/hub/session/43778f58-fe6b-4043-b5ba-b994f5cae8c9/elements [39m[32m200[39m [90m494 ms - 139[39m
[35m[HTTP][39m [90m[39m
[35m[HTTP][39m [37m-->[39m [37mGET[39m [37m/wd/hub/session/43778f58-fe6b-4043-b5ba-b994f5cae8c9/element/00000000-0000-0147-ffff-ffff0000009e/location[39m
[35m[HTTP][39m [90m{}[39m
[35m[W3C (43778f58)][39m Driver proxy active, passing request on via HTTP proxy
[35m[WD Proxy][39m Replacing sessionId 68462d68-cee4-4b67-ba1f-16f6556b924f with 43778f58-fe6b-4043-b5ba-b994f5cae8c9
[35m[HTTP][39m [37m<-- GET /wd/hub/session/43778f58-fe6b-4043-b5ba-b994f5cae8c9/element/00000000-0000-0147-ffff-ffff0000009e/location [39m[32m200[39m [90m50 ms - 78[39m
[35m[HTTP][39m [90m[39m
[35m[HTTP][39m [37m-->[39m [37mPOST[39m [37m/wd/hub/session/43778f58-fe6b-4043-b5ba-b994f5cae8c9/element/00000000-0000-0147-ffff-ffff0000009e/click[39m
[35m[HTTP][39m [90m{"id":"00000000-0000-0147-ffff-ffff0000009e"}[39m
[35m[HTTP][39m [37m<-- POST /wd/hub/session/43778f58-fe6b-4043-b5ba-b994f5cae8c9/element/00000000-0000-0147-ffff-ffff0000009e/click [39m[32m200[39m [90m57 ms - 14[39m
[35m[HTTP][39m [90m[39m
[35m[HTTP][39m [37m-->[39m [37mGET[39m [37m/wd/hub/session/43778f58-fe6b-4043-b5ba-b994f5cae8c9/source[39m
[35m[HTTP][39m [90m{}[39m
[35m[W3C (43778f58)][39m Driver proxy active, passing request on via HTTP proxy
[35m[WD Proxy][39m Replacing sessionId 68462d68-cee4-4b67-ba1f-16f6556b924f with 43778f58-fe6b-4043-b5ba-b994f5cae8c9
[35m[HTTP][39m [37m<-- GET /wd/hub/session/43778f58-fe6b-4043-b5ba-b994f5cae8c9/source [39m[32m200[39m [90m1089 ms - 70159[39m
[35m[HTTP][39m [90m[39m
[35m[HTTP][39m [37m-->[39m [37mGET[39m [37m/wd/hub/session/43778f58-fe6b-4043-b5ba-b994f5cae8c9/screenshot[39m
[35m[HTTP][39m [90m{}[39m
[35m[HTTP][39m [37m<-- GET /wd/hub/session/43778f58-fe6b-4043-b5ba-b994f5cae8c9/screenshot [39m[32m200[39m [90m799 ms - 198260[39m
[35m[HTTP][39m [90m[39m
[35m[HTTP][39m [37m-->[39m [37mPOST[39m [37m/wd/hub/session/43778f58-fe6b-4043-b5ba-b994f5cae8c9/elements[39m
[35m[HTTP][39m [90m{"using":"xpath","value":"//*[@class = 'android.widget.TextView' and (@text = 'Health Insurance' or . = 'Health Insurance') and @resource-id = 'com.religare.healthinsurance:id/tvToolbarTitle']"}[39m
[35m[HTTP][39m [37m<-- POST /wd/hub/session/43778f58-fe6b-4043-b5ba-b994f5cae8c9/elements [39m[32m200[39m [90m672 ms - 139[39m
[35m[HTTP][39m [90m[39m
[35m[HTTP][39m [37m-->[39m [37mPOST[39m [37m/wd/hub/session/43778f58-fe6b-4043-b5ba-b994f5cae8c9/elements[39m
[35m[HTTP][39m [90m{"using":"xpath","value":"//*[@class = 'android.widget.TextView' and (@text = 'Health Insurance' or . = 'Health Insurance') and @resource-id = 'com.religare.healthinsurance:id/tvToolbarTitle']"}[39m
[35m[HTTP][39m [37m<-- POST /wd/hub/session/43778f58-fe6b-4043-b5ba-b994f5cae8c9/elements [39m[32m200[39m [90m639 ms - 139[39m
[35m[HTTP][39m [90m[39m
[35m[HTTP][39m [37m-->[39m [37mGET[39m [37m/wd/hub/session/43778f58-fe6b-4043-b5ba-b994f5cae8c9/source[39m
[35m[HTTP][39m [90m{}[39m
[35m[W3C (43778f58)][39m Driver proxy active, passing request on via HTTP proxy
[35m[WD Proxy][39m Replacing sessionId 68462d68-cee4-4b67-ba1f-16f6556b924f with 43778f58-fe6b-4043-b5ba-b994f5cae8c9
[35m[HTTP][39m [37m<-- GET /wd/hub/session/43778f58-fe6b-4043-b5ba-b994f5cae8c9/source [39m[32m200[39m [90m561 ms - 70159[39m
[35m[HTTP][39m [90m[39m
[35m[HTTP][39m [37m-->[39m [37mGET[39m [37m/wd/hub/session/43778f58-fe6b-4043-b5ba-b994f5cae8c9/screenshot[39m
[35m[HTTP][39m [90m{}[39m
[35m[HTTP][39m [37m<-- GET /wd/hub/session/43778f58-fe6b-4043-b5ba-b994f5cae8c9/screenshot [39m[32m200[39m [90m780 ms - 197760[39m
[35m[HTTP][39m [90m[39m
[35m[HTTP][39m [37m-->[39m [37mPOST[39m [37m/wd/hub/session/43778f58-fe6b-4043-b5ba-b994f5cae8c9/elements[39m
[35m[HTTP][39m [90m{"using":"xpath","value":"//*[@class = 'android.widget.ImageButton' and @resource-id = 'com.religare.healthinsurance:id/navBackBtn' and (@text = '' or . = '')]"}[39m
[35m[HTTP][39m [37m<-- POST /wd/hub/session/43778f58-fe6b-4043-b5ba-b994f5cae8c9/elements [39m[32m200[39m [90m449 ms - 267[39m
[35m[HTTP][39m [90m[39m
[35m[HTTP][39m [37m-->[39m [37mPOST[39m [37m/wd/hub/session/43778f58-fe6b-4043-b5ba-b994f5cae8c9/elements[39m
[35m[HTTP][39m [90m{"using":"id","value":"com.religare.healthinsurance:id/navBackBtn"}[39m
[35m[HTTP][39m [37m<-- POST /wd/hub/session/43778f58-fe6b-4043-b5ba-b994f5cae8c9/elements [39m[32m200[39m [90m402 ms - 267[39m
[35m[HTTP][39m [90m[39m
[35m[HTTP][39m [37m-->[39m [37mPOST[39m [37m/wd/hub/session/43778f58-fe6b-4043-b5ba-b994f5cae8c9/elements[39m
[35m[HTTP][39m [90m{"using":"-android uiautomator","value":"new UiSelector().className(\"android.widget.ImageButton\").resourceId(\"com.religare.healthinsurance:id/navBackBtn\")"}[39m
[35m[HTTP][39m [37m<-- POST /wd/hub/session/43778f58-fe6b-4043-b5ba-b994f5cae8c9/elements [39m[32m200[39m [90m471 ms - 267[39m
[35m[HTTP][39m [90m[39m
[35m[HTTP][39m [37m-->[39m [37mGET[39m [37m/wd/hub/session/43778f58-fe6b-4043-b5ba-b994f5cae8c9/window/rect[39m
[35m[HTTP][39m [90m{}[39m
[35m[HTTP][39m [37m<-- GET /wd/hub/session/43778f58-fe6b-4043-b5ba-b994f5cae8c9/window/rect [39m[32m200[39m [90m19 ms - 50[39m
[35m[HTTP][39m [90m[39m
[35m[HTTP][39m [37m-->[39m [37mPOST[39m [37m/wd/hub/session/43778f58-fe6b-4043-b5ba-b994f5cae8c9/elements[39m
[35m[HTTP][39m [90m{"using":"xpath","value":"//hierarchy/android.widget.FrameLayout[1]/android.widget.LinearLayout[1]/android.widget.FrameLayout[1]/android.widget.LinearLayout[1]/android.widget.FrameLayout[1]/android.widget.RelativeLayout[1]/android.widget.FrameLayout[1]/android.widget.RelativeLayout[3]/android.widget.RelativeLayout[1]/android.widget.ImageButton[1]"}[39m
[35m[HTTP][39m [37m<-- POST /wd/hub/session/43778f58-fe6b-4043-b5ba-b994f5cae8c9/elements [39m[32m200[39m [90m577 ms - 139[39m
[35m[HTTP][39m [90m[39m
[35m[HTTP][39m [37m-->[39m [37mGET[39m [37m/wd/hub/session/43778f58-fe6b-4043-b5ba-b994f5cae8c9/element/00000000-0000-0147-ffff-ffff000000c0/location[39m
[35m[HTTP][39m [90m{}[39m
[35m[W3C (43778f58)][39m Driver proxy active, passing request on via HTTP proxy
[35m[WD Proxy][39m Replacing sessionId 68462d68-cee4-4b67-ba1f-16f6556b924f with 43778f58-fe6b-4043-b5ba-b994f5cae8c9
[35m[HTTP][39m [37m<-- GET /wd/hub/session/43778f58-fe6b-4043-b5ba-b994f5cae8c9/element/00000000-0000-0147-ffff-ffff000000c0/location [39m[32m200[39m [90m47 ms - 75[39m
[35m[HTTP][39m [90m[39m
[35m[HTTP][39m [37m-->[39m [37mPOST[39m [37m/wd/hub/session/43778f58-fe6b-4043-b5ba-b994f5cae8c9/element/00000000-0000-0147-ffff-ffff000000c0/click[39m
[35m[HTTP][39m [90m{"id":"00000000-0000-0147-ffff-ffff000000c0"}[39m
[35m[HTTP][39m [37m<-- POST /wd/hub/session/43778f58-fe6b-4043-b5ba-b994f5cae8c9/element/00000000-0000-0147-ffff-ffff000000c0/click [39m[32m200[39m [90m86 ms - 14[39m
[35m[HTTP][39m [90m[39m
[35m[HTTP][39m [37m-->[39m [37mGET[39m [37m/wd/hub/session/43778f58-fe6b-4043-b5ba-b994f5cae8c9/source[39m
[35m[HTTP][39m [90m{}[39m
[35m[W3C (43778f58)][39m Driver proxy active, passing request on via HTTP proxy
[35m[WD Proxy][39m Replacing sessionId 68462d68-cee4-4b67-ba1f-16f6556b924f with 43778f58-fe6b-4043-b5ba-b994f5cae8c9
[35m[HTTP][39m [37m<-- GET /wd/hub/session/43778f58-fe6b-4043-b5ba-b994f5cae8c9/source [39m[32m200[39m [90m371 ms - 52740[39m
[35m[HTTP][39m [90m[39m
[35m[HTTP][39m [37m-->[39m [37mGET[39m [37m/wd/hub/session/43778f58-fe6b-4043-b5ba-b994f5cae8c9/screenshot[39m
[35m[HTTP][39m [90m{}[39m
[35m[HTTP][39m [37m<-- GET /wd/hub/session/43778f58-fe6b-4043-b5ba-b994f5cae8c9/screenshot [39m[32m200[39m [90m788 ms - 285928[39m
[35m[HTTP][39m [90m[39m
[35m[HTTP][39m [37m-->[39m [37mPOST[39m [37m/wd/hub/session/43778f58-fe6b-4043-b5ba-b994f5cae8c9/elements[39m
[35m[HTTP][39m [90m{"using":"xpath","value":"//*[@class = 'android.widget.ImageView' and @resource-id = 'com.religare.healthinsurance:id/ivBack' and (@text = '' or . = '')]"}[39m
[35m[HTTP][39m [37m<-- POST /wd/hub/session/43778f58-fe6b-4043-b5ba-b994f5cae8c9/elements [39m[32m200[39m [90m507 ms - 139[39m
[35m[HTTP][39m [90m[39m
[35m[HTTP][39m [37m-->[39m [37mGET[39m [37m/wd/hub/session/43778f58-fe6b-4043-b5ba-b994f5cae8c9/window/rect[39m
[35m[HTTP][39m [90m{}[39m
[35m[HTTP][39m [37m<-- GET /wd/hub/session/43778f58-fe6b-4043-b5ba-b994f5cae8c9/window/rect [39m[32m200[39m [90m13 ms - 50[39m
[35m[HTTP][39m [90m[39m
[35m[HTTP][39m [37m-->[39m [37mPOST[39m [37m/wd/hub/session/43778f58-fe6b-4043-b5ba-b994f5cae8c9/elements[39m
[35m[HTTP][39m [90m{"using":"xpath","value":"//*[@class = 'android.widget.ImageView' and @resource-id = 'com.religare.healthinsurance:id/ivBack' and (@text = '' or . = '')]"}[39m
[35m[HTTP][39m [37m<-- POST /wd/hub/session/43778f58-fe6b-4043-b5ba-b994f5cae8c9/elements [39m[32m200[39m [90m467 ms - 139[39m
[35m[HTTP][39m [90m[39m
[35m[HTTP][39m [37m-->[39m [37mGET[39m [37m/wd/hub/session/43778f58-fe6b-4043-b5ba-b994f5cae8c9/element/00000000-0000-0147-ffff-ffff00000079/location[39m
[35m[HTTP][39m [90m{}[39m
[35m[W3C (43778f58)][39m Driver proxy active, passing request on via HTTP proxy
[35m[WD Proxy][39m Replacing sessionId 68462d68-cee4-4b67-ba1f-16f6556b924f with 43778f58-fe6b-4043-b5ba-b994f5cae8c9
[35m[HTTP][39m [37m<-- GET /wd/hub/session/43778f58-fe6b-4043-b5ba-b994f5cae8c9/element/00000000-0000-0147-ffff-ffff00000079/location [39m[32m200[39m [90m28 ms - 77[39m
[35m[HTTP][39m [90m[39m
[35m[HTTP][39m [37m-->[39m [37mPOST[39m [37m/wd/hub/session/43778f58-fe6b-4043-b5ba-b994f5cae8c9/element/00000000-0000-0147-ffff-ffff00000079/click[39m
[35m[HTTP][39m [90m{"id":"00000000-0000-0147-ffff-ffff00000079"}[39m
[35m[HTTP][39m [37m<-- POST /wd/hub/session/43778f58-fe6b-4043-b5ba-b994f5cae8c9/element/00000000-0000-0147-ffff-ffff00000079/click [39m[32m200[39m [90m81 ms - 14[39m
[35m[HTTP][39m [90m[39m
[35m[HTTP][39m [37m-->[39m [37mGET[39m [37m/wd/hub/session/43778f58-fe6b-4043-b5ba-b994f5cae8c9/source[39m
[35m[HTTP][39m [90m{}[39m
[35m[W3C (43778f58)][39m Driver proxy active, passing request on via HTTP proxy
[35m[WD Proxy][39m Replacing sessionId 68462d68-cee4-4b67-ba1f-16f6556b924f with 43778f58-fe6b-4043-b5ba-b994f5cae8c9
[35m[HTTP][39m [37m<-- GET /wd/hub/session/43778f58-fe6b-4043-b5ba-b994f5cae8c9/source [39m[32m200[39m [90m236 ms - 32545[39m
[35m[HTTP][39m [90m[39m
[35m[HTTP][39m [37m-->[39m [37mGET[39m [37m/wd/hub/session/43778f58-fe6b-4043-b5ba-b994f5cae8c9/screenshot[39m
[35m[HTTP][39m [90m{}[39m
[35m[HTTP][39m [37m<-- GET /wd/hub/session/43778f58-fe6b-4043-b5ba-b994f5cae8c9/screenshot [39m[32m200[39m [90m740 ms - 133844[39m
[35m[HTTP][39m [90m[39m
[35m[HTTP][39m [37m-->[39m [37mPOST[39m [37m/wd/hub/session/43778f58-fe6b-4043-b5ba-b994f5cae8c9/elements[39m
[35m[HTTP][39m [90m{"using":"xpath","value":"//*[@class = 'android.widget.ImageView' and @resource-id = 'com.religare.healthinsurance:id/ivBack' and (@text = '' or . = '')]"}[39m
[35m[HTTP][39m [37m<-- POST /wd/hub/session/43778f58-fe6b-4043-b5ba-b994f5cae8c9/elements [39m[32m200[39m [90m428 ms - 139[39m
[35m[HTTP][39m [90m[39m
[35m[HTTP][39m [37m-->[39m [37mGET[39m [37m/wd/hub/session/43778f58-fe6b-4043-b5ba-b994f5cae8c9/window/rect[39m
[35m[HTTP][39m [90m{}[39m
[35m[HTTP][39m [37m<-- GET /wd/hub/session/43778f58-fe6b-4043-b5ba-b994f5cae8c9/window/rect [39m[32m200[39m [90m9 ms - 50[39m
[35m[HTTP][39m [90m[39m
[35m[HTTP][39m [37m-->[39m [37mPOST[39m [37m/wd/hub/session/43778f58-fe6b-4043-b5ba-b994f5cae8c9/elements[39m
[35m[HTTP][39m [90m{"using":"xpath","value":"//*[@class = 'android.widget.ImageView' and @resource-id = 'com.religare.healthinsurance:id/ivBack' and (@text = '' or . = '')]"}[39m
[35m[HTTP][39m [37m<-- POST /wd/hub/session/43778f58-fe6b-4043-b5ba-b994f5cae8c9/elements [39m[32m200[39m [90m243 ms - 139[39m
[35m[HTTP][39m [90m[39m
[35m[HTTP][39m [37m-->[39m [37mGET[39m [37m/wd/hub/session/43778f58-fe6b-4043-b5ba-b994f5cae8c9/element/00000000-0000-0147-ffff-ffff00000079/location[39m
[35m[HTTP][39m [90m{}[39m
[35m[W3C (43778f58)][39m Driver proxy active, passing request on via HTTP proxy
[35m[WD Proxy][39m Replacing sessionId 68462d68-cee4-4b67-ba1f-16f6556b924f with 43778f58-fe6b-4043-b5ba-b994f5cae8c9
[35m[HTTP][39m [37m<-- GET /wd/hub/session/43778f58-fe6b-4043-b5ba-b994f5cae8c9/element/00000000-0000-0147-ffff-ffff00000079/location [39m[32m200[39m [90m49 ms - 77[39m
[35m[HTTP][39m [90m[39m
[35m[HTTP][39m [37m-->[39m [37mPOST[39m [37m/wd/hub/session/43778f58-fe6b-4043-b5ba-b994f5cae8c9/element/00000000-0000-0147-ffff-ffff00000079/click[39m
[35m[HTTP][39m [90m{"id":"00000000-0000-0147-ffff-ffff00000079"}[39m
[35m[HTTP][39m [37m<-- POST /wd/hub/session/43778f58-fe6b-4043-b5ba-b994f5cae8c9/element/00000000-0000-0147-ffff-ffff00000079/click [39m[32m200[39m [90m72 ms - 14[39m
[35m[HTTP][39m [90m[39m
[35m[HTTP][39m [37m-->[39m [37mGET[39m [37m/wd/hub/session/43778f58-fe6b-4043-b5ba-b994f5cae8c9/source[39m
[35m[HTTP][39m [90m{}[39m
[35m[W3C (43778f58)][39m Driver proxy active, passing request on via HTTP proxy
[35m[WD Proxy][39m Replacing sessionId 68462d68-cee4-4b67-ba1f-16f6556b924f with 43778f58-fe6b-4043-b5ba-b994f5cae8c9
[35m[HTTP][39m [37m<-- GET /wd/hub/session/43778f58-fe6b-4043-b5ba-b994f5cae8c9/source [39m[32m200[39m [90m191 ms - 25925[39m
[35m[HTTP][39m [90m[39m
[35m[HTTP][39m [37m-->[39m [37mGET[39m [37m/wd/hub/session/43778f58-fe6b-4043-b5ba-b994f5cae8c9/screenshot[39m
[35m[HTTP][39m [90m{}[39m
[35m[HTTP][39m [37m<-- GET /wd/hub/session/43778f58-fe6b-4043-b5ba-b994f5cae8c9/screenshot [39m[32m200[39m [90m946 ms - 755480[39m
[35m[HTTP][39m [90m[39m
[35m[HTTP][39m [37m-->[39m [37mDELETE[39m [37m/wd/hub/session/43778f58-fe6b-4043-b5ba-b994f5cae8c9[39m
[35m[HTTP][39m [90m{}[39m
[35m[Appium][39m Removing session 43778f58-fe6b-4043-b5ba-b994f5cae8c9 from our master session list
[35m[UiAutomator2][39m Restoring hidden api policy to the device default configuration
[35m[HTTP][39m [37m<-- DELETE /wd/hub/session/43778f58-fe6b-4043-b5ba-b994f5cae8c9 [39m[32m200[39m [90m511 ms - 14[39m
[35m[HTTP][39m [90m[39m
